Using pre-set license
Built from '2020.3/release' branch; Version is '2020.3.1f1 (77a89f25062f) revision 7841951'; Using compiler version '192528614'; Build Type 'Release'
OS: 'Windows 10 Pro; OS build 19042.906; Version 2009; 64bit' Language: 'en' Physical Memory: 32686 MB
BatchMode: 1, IsHumanControllingUs: 0, StartBugReporterOnCrash: 0, Is64bit: 1, IsPro: 0

 COMMAND LINE ARGUMENTS:
C:\Program Files\Unity\Hub\Editor\2020.3.1f1\Editor\Unity.exe
-adb2
-batchMode
-noUpm
-name
AssetImportWorker0
-projectPath
F:/Projects/Unity101/Unity102
-logFile
Logs/AssetImportWorker0.log
-srvPort
50024
Successfully changed project path to: F:/Projects/Unity101/Unity102
F:/Projects/Unity101/Unity102
Using Asset Import Pipeline V2.
Refreshing native plugins compatible for Editor in 17.15 ms, found 0 plugins.
Preloading 0 native plugins for Editor in 0.00 ms.
Initialize engine version: 2020.3.1f1 (77a89f25062f)
[Subsystems] Discovering subsystems at path C:/Program Files/Unity/Hub/Editor/2020.3.1f1/Editor/Data/Resources/UnitySubsystems
[Subsystems] Discovering subsystems at path F:/Projects/Unity101/Unity102/Assets
GfxDevice: creating device client; threaded=0
Direct3D:
    Version:  Direct3D 11.0 [level 11.1]
    Renderer: NVIDIA GeForce GTX 1060 6GB (ID=0x1c03)
    Vendor:   
    VRAM:     6052 MB
    Driver:   27.21.14.6589
Initialize mono
Mono path[0] = 'C:/Program Files/Unity/Hub/Editor/2020.3.1f1/Editor/Data/Managed'
Mono path[1] = 'C:/Program Files/Unity/Hub/Editor/2020.3.1f1/Editor/Data/MonoBleedingEdge/lib/mono/unityjit'
Mono config path = 'C:/Program Files/Unity/Hub/Editor/2020.3.1f1/Editor/Data/MonoBleedingEdge/etc'
Using monoOptions --debugger-agent=transport=dt_socket,embedding=1,server=y,suspend=n,address=127.0.0.1:56684
Begin MonoManager ReloadAssembly
Registering precompiled unity dll's ...
Register platform support module: C:/Program Files/Unity/Hub/Editor/2020.3.1f1/Editor/Data/PlaybackEngines/WindowsStandaloneSupport/UnityEditor.WindowsStandalone.Extensions.dll
Registered in 0.002250 seconds.
Native extension for WindowsStandalone target not found
Refreshing native plugins compatible for Editor in 17.55 ms, found 0 plugins.
Preloading 0 native plugins for Editor in 0.00 ms.
Invoked RoslynAnalysisRunner static constructor.
RoslynAnalysisRunner will not be running.
RoslynAnalysisRunner has terminated.
Mono: successfully reloaded assembly
- Completed reload, in  1.466 seconds
Platform modules already initialized, skipping
Registering precompiled user dll's ...
Registered in 0.000528 seconds.
Begin MonoManager ReloadAssembly
Native extension for WindowsStandalone target not found
Refreshing native plugins compatible for Editor in 0.17 ms, found 0 plugins.
Preloading 0 native plugins for Editor in 0.00 ms.
Invoked RoslynAnalysisRunner static constructor.
RoslynAnalysisRunner will not be running.
RoslynAnalysisRunner has terminated.
Mono: successfully reloaded assembly
- Completed reload, in  0.649 seconds
Platform modules already initialized, skipping
========================================================================
Worker process is ready to serve import requests
Launched and connected shader compiler UnityShaderCompiler.exe after 0.04 seconds
Refreshing native plugins compatible for Editor in 0.17 ms, found 0 plugins.
Preloading 0 native plugins for Editor in 0.00 ms.
Unloading 1115 Unused Serialized files (Serialized files now loaded: 0)
System memory in use before: 57.0 MB.
System memory in use after: 57.1 MB.

Unloading 10 unused Assets to reduce memory usage. Loaded Objects now: 1557.
Total: 1.787900 ms (FindLiveObjects: 0.232600 ms CreateObjectMapping: 0.068400 ms MarkObjects: 1.415000 ms  DeleteObjects: 0.070300 ms)

========================================================================
Received Import Request.
  path: Assets/BlenderAssets
  artifactKey: Guid(239acf0abe06f784a9ec1feb14acbc5b) Importer(815301076,1909f56bfc062723c751e8b465ee728b)
Start importing Assets/BlenderAssets using Guid(239acf0abe06f784a9ec1feb14acbc5b) Importer(815301076,1909f56bfc062723c751e8b465ee728b)  -> (artifact id: '0004163f84d9ba4d8b97ed290ef9c706') in 0.006440 seconds
  Import took 0.007998 seconds .

========================================================================
Received Import Request.
  Time since last request: 19.599957 seconds.
  path: Assets/BlenderAssets/Controller.blend
  artifactKey: Guid(d9d99de4de515ea44a6ac9bfe360cb77) Importer(815301076,1909f56bfc062723c751e8b465ee728b)
Start importing Assets/BlenderAssets/Controller.blend using Guid(d9d99de4de515ea44a6ac9bfe360cb77) Importer(815301076,1909f56bfc062723c751e8b465ee728b)  -> (artifact id: 'a35bfa1e04b3e9e3d5792455a5ea223a') in 0.112516 seconds
  Import took 0.114093 seconds .

========================================================================
Received Import Request.
  Time since last request: 333.752004 seconds.
  path: Assets/Materials/New Material.mat
  artifactKey: Guid(dce372a27f64bda4489773686c9f44d7) Importer(815301076,1909f56bfc062723c751e8b465ee728b)
Start importing Assets/Materials/New Material.mat using Guid(dce372a27f64bda4489773686c9f44d7) Importer(815301076,1909f56bfc062723c751e8b465ee728b)  -> (artifact id: '89c37b954cab69229ed172dc6fcbb198') in 0.025567 seconds
  Import took 0.027474 seconds .

========================================================================
Received Import Request.
  Time since last request: 390.689545 seconds.
  path: Assets/BlenderAssets/Controller.blend
  artifactKey: Guid(d9d99de4de515ea44a6ac9bfe360cb77) Importer(815301076,1909f56bfc062723c751e8b465ee728b)
Start importing Assets/BlenderAssets/Controller.blend using Guid(d9d99de4de515ea44a6ac9bfe360cb77) Importer(815301076,1909f56bfc062723c751e8b465ee728b)  -> (artifact id: '829238c927805d810cfe46ed7acfb226') in 0.031987 seconds
  Import took 0.034140 seconds .

========================================================================
Received Import Request.
  Time since last request: 396.398753 seconds.
  path: Assets/BlenderAssets/Controller.blend
  artifactKey: Guid(d9d99de4de515ea44a6ac9bfe360cb77) Importer(815301076,1909f56bfc062723c751e8b465ee728b)
Start importing Assets/BlenderAssets/Controller.blend using Guid(d9d99de4de515ea44a6ac9bfe360cb77) Importer(815301076,1909f56bfc062723c751e8b465ee728b)  -> (artifact id: '4f51b1043b7687c30ecb10fd11cbf9f6') in 0.027659 seconds
  Import took 0.029544 seconds .

========================================================================
Received Import Request.
  Time since last request: 10858.940448 seconds.
  path: Assets/Materials/New Material 1.mat
  artifactKey: Guid(c18573fca0641124a90ac0b1b12083b9) Importer(815301076,1909f56bfc062723c751e8b465ee728b)
Start importing Assets/Materials/New Material 1.mat using Guid(c18573fca0641124a90ac0b1b12083b9) Importer(815301076,1909f56bfc062723c751e8b465ee728b)  -> (artifact id: '90767814d229235e09a0ba83684045a5') in 0.009201 seconds
  Import took 0.011086 seconds .

========================================================================
Received Import Request.
  Time since last request: 261.275727 seconds.
  path: Assets/Scripts/Controller.cs
  artifactKey: Guid(35529d276ef593b4689d707298d7005c) Importer(815301076,1909f56bfc062723c751e8b465ee728b)
Start importing Assets/Scripts/Controller.cs using Guid(35529d276ef593b4689d707298d7005c) Importer(815301076,1909f56bfc062723c751e8b465ee728b)  -> (artifact id: '788d38bcb856b93ccd8f538699ab4f1b') in 0.046739 seconds
  Import took 0.048879 seconds .

========================================================================
Received Prepare
Registering precompiled user dll's ...
Registered in 0.000629 seconds.
Begin MonoManager ReloadAssembly
Native extension for WindowsStandalone target not found
Refreshing native plugins compatible for Editor in 0.18 ms, found 0 plugins.
Preloading 0 native plugins for Editor in 0.00 ms.
Invoked RoslynAnalysisRunner static constructor.
RoslynAnalysisRunner will not be running.
RoslynAnalysisRunner has terminated.
Mono: successfully reloaded assembly
- Completed reload, in  0.653 seconds
Platform modules already initialized, skipping
Refreshing native plugins compatible for Editor in 0.18 ms, found 0 plugins.
Preloading 0 native plugins for Editor in 0.00 ms.
Unloading 1110 Unused Serialized files (Serialized files now loaded: 0)
System memory in use before: 60.6 MB.
System memory in use after: 60.6 MB.

Unloading 6 unused Assets to reduce memory usage. Loaded Objects now: 1603.
Total: 3.480700 ms (FindLiveObjects: 0.421700 ms CreateObjectMapping: 0.183000 ms MarkObjects: 2.800000 ms  DeleteObjects: 0.074200 ms)

========================================================================
Received Prepare
Registering precompiled user dll's ...
Registered in 0.000498 seconds.
Begin MonoManager ReloadAssembly
Native extension for WindowsStandalone target not found
Refreshing native plugins compatible for Editor in 0.17 ms, found 0 plugins.
Preloading 0 native plugins for Editor in 0.00 ms.
Invoked RoslynAnalysisRunner static constructor.
RoslynAnalysisRunner will not be running.
RoslynAnalysisRunner has terminated.
Mono: successfully reloaded assembly
- Completed reload, in  0.610 seconds
Platform modules already initialized, skipping
Refreshing native plugins compatible for Editor in 0.17 ms, found 0 plugins.
Preloading 0 native plugins for Editor in 0.00 ms.
Unloading 1110 Unused Serialized files (Serialized files now loaded: 0)
System memory in use before: 60.6 MB.
System memory in use after: 60.6 MB.

Unloading 5 unused Assets to reduce memory usage. Loaded Objects now: 1606.
Total: 1.512700 ms (FindLiveObjects: 0.184300 ms CreateObjectMapping: 0.055000 ms MarkObjects: 1.233000 ms  DeleteObjects: 0.039500 ms)

========================================================================
Received Prepare
Registering precompiled user dll's ...
Registered in 0.000659 seconds.
Begin MonoManager ReloadAssembly
Native extension for WindowsStandalone target not found
Refreshing native plugins compatible for Editor in 0.18 ms, found 0 plugins.
Preloading 0 native plugins for Editor in 0.00 ms.
Invoked RoslynAnalysisRunner static constructor.
RoslynAnalysisRunner will not be running.
RoslynAnalysisRunner has terminated.
Mono: successfully reloaded assembly
- Completed reload, in  0.619 seconds
Platform modules already initialized, skipping
Refreshing native plugins compatible for Editor in 0.17 ms, found 0 plugins.
Preloading 0 native plugins for Editor in 0.00 ms.
Unloading 1110 Unused Serialized files (Serialized files now loaded: 0)
System memory in use before: 60.6 MB.
System memory in use after: 60.7 MB.

Unloading 5 unused Assets to reduce memory usage. Loaded Objects now: 1609.
Total: 1.262700 ms (FindLiveObjects: 0.104600 ms CreateObjectMapping: 0.027900 ms MarkObjects: 1.097200 ms  DeleteObjects: 0.032300 ms)

========================================================================
Received Prepare
Registering precompiled user dll's ...
Registered in 0.000570 seconds.
Begin MonoManager ReloadAssembly
Native extension for WindowsStandalone target not found
Refreshing native plugins compatible for Editor in 0.17 ms, found 0 plugins.
Preloading 0 native plugins for Editor in 0.00 ms.
Invoked RoslynAnalysisRunner static constructor.
RoslynAnalysisRunner will not be running.
RoslynAnalysisRunner has terminated.
Mono: successfully reloaded assembly
- Completed reload, in  0.589 seconds
Platform modules already initialized, skipping
Refreshing native plugins compatible for Editor in 0.17 ms, found 0 plugins.
Preloading 0 native plugins for Editor in 0.00 ms.
Unloading 1110 Unused Serialized files (Serialized files now loaded: 0)
System memory in use before: 60.6 MB.
System memory in use after: 60.7 MB.

Unloading 5 unused Assets to reduce memory usage. Loaded Objects now: 1612.
Total: 1.514600 ms (FindLiveObjects: 0.162700 ms CreateObjectMapping: 0.039500 ms MarkObjects: 1.273400 ms  DeleteObjects: 0.038200 ms)

========================================================================
Received Prepare
Registering precompiled user dll's ...
Registered in 0.000527 seconds.
Begin MonoManager ReloadAssembly
Native extension for WindowsStandalone target not found
Refreshing native plugins compatible for Editor in 0.17 ms, found 0 plugins.
Preloading 0 native plugins for Editor in 0.00 ms.
Invoked RoslynAnalysisRunner static constructor.
RoslynAnalysisRunner will not be running.
RoslynAnalysisRunner has terminated.
Mono: successfully reloaded assembly
- Completed reload, in  0.592 seconds
Platform modules already initialized, skipping
Refreshing native plugins compatible for Editor in 0.17 ms, found 0 plugins.
Preloading 0 native plugins for Editor in 0.00 ms.
Unloading 1110 Unused Serialized files (Serialized files now loaded: 0)
System memory in use before: 60.6 MB.
System memory in use after: 60.7 MB.

Unloading 5 unused Assets to reduce memory usage. Loaded Objects now: 1615.
Total: 1.208800 ms (FindLiveObjects: 0.110200 ms CreateObjectMapping: 0.028000 ms MarkObjects: 1.035000 ms  DeleteObjects: 0.035000 ms)

